{"level":"info","reqUrl":"/users","reqBody":"","reqParams":"","reqQuery":"","resStatus":200,"message":"Request-response log data"}
{"level":"info","reqUrl":"/users","reqBody":"","reqParams":"","reqQuery":"","resStatus":200,"message":"Request-response log data"}
{"level":"info","reqUrl":"/login","reqBody":"","reqParams":"","reqQuery":"","resStatus":200,"message":"Request-response log data"}
{"level":"info","reqUrl":"/","reqBody":"","reqParams":"","reqQuery":"","resStatus":200,"message":"Request-response log data"}
{"level":"info","reqUrl":"/","reqBody":"","reqParams":"","reqQuery":"","resStatus":200,"message":"Request-response log data"}
{"level":"info","reqUrl":"/docs","reqBody":"","reqParams":"","reqQuery":"","resStatus":200,"message":"Request-response log data"}
{"level":"info","reqUrl":"/","reqBody":"","reqParams":"","reqQuery":"","resStatus":200,"message":"Request-response log data"}
{"level":"info","reqUrl":"/users","reqBody":"","reqParams":"","reqQuery":"","resStatus":200,"message":"Request-response log data"}
{"level":"info","reqUrl":"/favicon.ico","reqBody":"","reqParams":"","reqQuery":"","resStatus":200,"message":"Request-response log data"}
{"level":"info","reqUrl":"/login","reqBody":{"login":"admin","password":"admin"},"reqParams":"","reqQuery":"","resStatus":200,"message":"Request-response log data"}
{"level":"info","reqUrl":"/login","reqBody":{"login":"admin","password":"admin"},"reqParams":"","reqQuery":"","resStatus":200,"message":"Request-response log data"}
{"level":"info","reqUrl":"/login","reqBody":{"login":"admin","password":"admin"},"reqParams":"","reqQuery":"","resStatus":200,"message":"Request-response log data"}
{"level":"info","reqUrl":"/boards","reqBody":{"title":"Autotest board","columns":[{"title":"Backlog","order":1},{"title":"Sprint","order":2}]},"reqParams":"","reqQuery":"","resStatus":200,"message":"Request-response log data"}
{"level":"info","reqUrl":"/boards","reqBody":{"title":"Autotest board","columns":[{"title":"Backlog","order":1},{"title":"Sprint","order":2}]},"reqParams":"","reqQuery":"","resStatus":200,"message":"Request-response log data"}
{"level":"info","reqUrl":"/users","reqBody":"","reqParams":"","reqQuery":"","resStatus":200,"message":"Request-response log data"}
{"level":"info","reqUrl":"/boards","reqBody":"","reqParams":"","reqQuery":"","resStatus":200,"message":"Request-response log data"}
{"level":"info","reqUrl":"/boards/4632f7ef-4851-4fac-a9b3-99379c2ccd12/tasks","reqBody":{"title":"Autotest task","order":0,"description":"Lorem ipsum","userId":null,"boardId":null,"columnId":null},"reqParams":"","reqQuery":"","resStatus":200,"message":"Request-response log data"}
{"level":"info","reqUrl":"/boards","reqBody":"","reqParams":"","reqQuery":"","resStatus":200,"message":"Request-response log data"}
{"level":"info","reqUrl":"/boards/9710364b-e3e2-4997-bf29-76434d659fdb","reqBody":"","reqParams":"","reqQuery":"","resStatus":200,"message":"Request-response log data"}
{"level":"info","reqUrl":"/boards","reqBody":{"title":"Autotest board","columns":[{"title":"Backlog","order":1},{"title":"Sprint","order":2}]},"reqParams":"","reqQuery":"","resStatus":200,"message":"Request-response log data"}
{"level":"info","reqUrl":"/users","reqBody":{"name":"TEST_USER","login":"test_user","password":"T35t_P@55w0rd"},"reqParams":"","reqQuery":"","resStatus":200,"message":"Request-response log data"}
{"level":"info","reqUrl":"/boards/332d2372-4ead-4f21-acae-dd0f82fc131a","reqBody":{},"reqParams":"","reqQuery":"","resStatus":200,"message":"Request-response log data"}
{"level":"info","reqUrl":"/boards/4632f7ef-4851-4fac-a9b3-99379c2ccd12/tasks","reqBody":"","reqParams":"","reqQuery":"","resStatus":200,"message":"Request-response log data"}
{"level":"info","reqUrl":"/boards/4632f7ef-4851-4fac-a9b3-99379c2ccd12/tasks","reqBody":"","reqParams":"","reqQuery":"","resStatus":200,"message":"Request-response log data"}
{"level":"info","reqUrl":"/boards/4632f7ef-4851-4fac-a9b3-99379c2ccd12/tasks/65f0d253-5d5a-43bc-a0dc-db6ca03ab313","reqBody":"","reqParams":"","reqQuery":"","resStatus":200,"message":"Request-response log data"}
{"level":"info","reqUrl":"/boards/4632f7ef-4851-4fac-a9b3-99379c2ccd12/tasks","reqBody":{"title":"Autotest task","order":0,"description":"Lorem ipsum","userId":null,"boardId":null,"columnId":null},"reqParams":"","reqQuery":"","resStatus":200,"message":"Request-response log data"}
{"level":"info","reqUrl":"/boards/4632f7ef-4851-4fac-a9b3-99379c2ccd12/tasks/ca389319-d4f9-4c90-9428-c77dcb9f1d39","reqBody":{},"reqParams":"","reqQuery":"","resStatus":200,"message":"Request-response log data"}
{"level":"info","reqUrl":"/boards/4632f7ef-4851-4fac-a9b3-99379c2ccd12/tasks","reqBody":{"title":"Autotest task","order":0,"description":"Lorem ipsum","userId":null,"boardId":null,"columnId":null},"reqParams":"","reqQuery":"","resStatus":200,"message":"Request-response log data"}
{"level":"info","reqUrl":"/boards/4632f7ef-4851-4fac-a9b3-99379c2ccd12/tasks/5ec25c0a-9bf6-4f2b-b057-d2d2edd53e1c","reqBody":{"title":"Autotest updated task","order":0,"description":"Lorem ipsum","userId":null,"boardId":"4632f7ef-4851-4fac-a9b3-99379c2ccd12","columnId":null,"id":"5ec25c0a-9bf6-4f2b-b057-d2d2edd53e1c"},"reqParams":"","reqQuery":"","resStatus":200,"message":"Request-response log data"}
{"level":"info","reqUrl":"/boards/4632f7ef-4851-4fac-a9b3-99379c2ccd12/tasks/5ec25c0a-9bf6-4f2b-b057-d2d2edd53e1c","reqBody":"","reqParams":"","reqQuery":"","resStatus":200,"message":"Request-response log data"}
{"level":"info","reqUrl":"/boards/4632f7ef-4851-4fac-a9b3-99379c2ccd12/tasks/65f0d253-5d5a-43bc-a0dc-db6ca03ab313","reqBody":"","reqParams":"","reqQuery":"","resStatus":200,"message":"Request-response log data"}
{"level":"info","reqUrl":"/boards/4632f7ef-4851-4fac-a9b3-99379c2ccd12/tasks/65f0d253-5d5a-43bc-a0dc-db6ca03ab313","reqBody":{},"reqParams":"","reqQuery":"","resStatus":200,"message":"Request-response log data"}
{"level":"info","reqUrl":"/boards","reqBody":{"title":"Autotest board","columns":[{"title":"Backlog","order":1},{"title":"Sprint","order":2}]},"reqParams":"","reqQuery":"","resStatus":200,"message":"Request-response log data"}
{"level":"info","reqUrl":"/boards/4632f7ef-4851-4fac-a9b3-99379c2ccd12/tasks/65f0d253-5d5a-43bc-a0dc-db6ca03ab313","reqBody":"","reqParams":"","reqQuery":"","resStatus":200,"message":"Request-response log data"}
{"level":"info","reqUrl":"/boards/4632f7ef-4851-4fac-a9b3-99379c2ccd12","reqBody":{},"reqParams":"","reqQuery":"","resStatus":200,"message":"Request-response log data"}
{"level":"info","reqUrl":"/boards/6c0480b5-88dc-4886-9e17-3932692c4724","reqBody":{"title":"Autotest updated board","columns":[{"title":"Backlog","order":1},{"title":"Sprint","order":2}],"id":"6c0480b5-88dc-4886-9e17-3932692c4724"},"reqParams":"","reqQuery":"","resStatus":200,"message":"Request-response log data"}
{"level":"info","reqUrl":"/boards/6c0480b5-88dc-4886-9e17-3932692c4724","reqBody":"","reqParams":"","reqQuery":"","resStatus":200,"message":"Request-response log data"}
{"level":"info","reqUrl":"/boards/6c0480b5-88dc-4886-9e17-3932692c4724","reqBody":{},"reqParams":"","reqQuery":"","resStatus":200,"message":"Request-response log data"}
{"level":"info","reqUrl":"/boards","reqBody":{"title":"Autotest board","columns":[{"title":"Backlog","order":1},{"title":"Sprint","order":2}]},"reqParams":"","reqQuery":"","resStatus":200,"message":"Request-response log data"}
{"level":"info","reqUrl":"/boards/cfddbe3e-bdae-4a22-b8e0-c56d15e57587","reqBody":{},"reqParams":"","reqQuery":"","resStatus":200,"message":"Request-response log data"}
{"level":"info","reqUrl":"/boards/cfddbe3e-bdae-4a22-b8e0-c56d15e57587","reqBody":"","reqParams":"","reqQuery":"","resStatus":200,"message":"Request-response log data"}
{"level":"info","reqUrl":"/boards","reqBody":{"title":"Autotest board","columns":[{"title":"Backlog","order":1},{"title":"Sprint","order":2}]},"reqParams":"","reqQuery":"","resStatus":200,"message":"Request-response log data"}
{"level":"info","reqUrl":"/boards/fd55eb3b-0d03-49bb-b1c2-4c9998b57d56/tasks","reqBody":{"title":"Task #1","order":1,"description":"Lorem ipsum","boardId":"fd55eb3b-0d03-49bb-b1c2-4c9998b57d56","userId":null,"columnId":null},"reqParams":"","reqQuery":"","resStatus":200,"message":"Request-response log data"}
{"level":"info","reqUrl":"/boards/fd55eb3b-0d03-49bb-b1c2-4c9998b57d56/tasks","reqBody":{"title":"Task #2","order":2,"description":"Lorem ipsum","boardId":"fd55eb3b-0d03-49bb-b1c2-4c9998b57d56","userId":null,"columnId":null},"reqParams":"","reqQuery":"","resStatus":200,"message":"Request-response log data"}
{"level":"info","reqUrl":"/boards/fd55eb3b-0d03-49bb-b1c2-4c9998b57d56/tasks","reqBody":{"title":"Task #3","order":3,"description":"Lorem ipsum","boardId":"fd55eb3b-0d03-49bb-b1c2-4c9998b57d56","userId":null,"columnId":null},"reqParams":"","reqQuery":"","resStatus":200,"message":"Request-response log data"}
{"level":"info","reqUrl":"/boards/fd55eb3b-0d03-49bb-b1c2-4c9998b57d56/tasks","reqBody":{"title":"Task #4","order":4,"description":"Lorem ipsum","boardId":"fd55eb3b-0d03-49bb-b1c2-4c9998b57d56","userId":null,"columnId":null},"reqParams":"","reqQuery":"","resStatus":200,"message":"Request-response log data"}
{"level":"info","reqUrl":"/boards/fd55eb3b-0d03-49bb-b1c2-4c9998b57d56/tasks","reqBody":{"title":"Task #5","order":5,"description":"Lorem ipsum","boardId":"fd55eb3b-0d03-49bb-b1c2-4c9998b57d56","userId":null,"columnId":null},"reqParams":"","reqQuery":"","resStatus":200,"message":"Request-response log data"}
{"level":"info","reqUrl":"/users/36206cba-b689-45b5-927a-7c5fd215dd5f","reqBody":"","reqParams":"","reqQuery":"","resStatus":200,"message":"Request-response log data"}
{"level":"info","reqUrl":"/users/36206cba-b689-45b5-927a-7c5fd215dd5f","reqBody":{},"reqParams":"","reqQuery":"","resStatus":200,"message":"Request-response log data"}
{"level":"info","reqUrl":"/users","reqBody":{"name":"TEST_USER","login":"test_user","password":"T35t_P@55w0rd"},"reqParams":"","reqQuery":"","resStatus":200,"message":"Request-response log data"}
{"level":"info","reqUrl":"/boards/fd55eb3b-0d03-49bb-b1c2-4c9998b57d56/tasks/d046dfd6-be5c-439c-8ef4-3031ccc99e4b","reqBody":"","reqParams":"","reqQuery":"","resStatus":200,"message":"Request-response log data"}
{"level":"info","reqUrl":"/boards/fd55eb3b-0d03-49bb-b1c2-4c9998b57d56/tasks/15cb3232-4afd-4877-81b4-71e31b4ea0da","reqBody":"","reqParams":"","reqQuery":"","resStatus":200,"message":"Request-response log data"}
{"level":"info","reqUrl":"/boards/fd55eb3b-0d03-49bb-b1c2-4c9998b57d56/tasks/690b3031-a9b8-44d3-87d4-904e5cc20ded","reqBody":"","reqParams":"","reqQuery":"","resStatus":200,"message":"Request-response log data"}
{"level":"info","reqUrl":"/boards/fd55eb3b-0d03-49bb-b1c2-4c9998b57d56/tasks/00355f75-a44a-4ccc-bf9e-8f2306bb5aac","reqBody":"","reqParams":"","reqQuery":"","resStatus":200,"message":"Request-response log data"}
{"level":"info","reqUrl":"/boards/fd55eb3b-0d03-49bb-b1c2-4c9998b57d56/tasks/24db76d6-9b82-4347-850c-b4a19850df74","reqBody":"","reqParams":"","reqQuery":"","resStatus":200,"message":"Request-response log data"}
{"level":"info","reqUrl":"/boards/fd55eb3b-0d03-49bb-b1c2-4c9998b57d56","reqBody":{},"reqParams":"","reqQuery":"","resStatus":200,"message":"Request-response log data"}
{"level":"info","reqUrl":"/boards/fd55eb3b-0d03-49bb-b1c2-4c9998b57d56/tasks/d046dfd6-be5c-439c-8ef4-3031ccc99e4b","reqBody":"","reqParams":"","reqQuery":"","resStatus":200,"message":"Request-response log data"}
{"level":"info","reqUrl":"/boards/fd55eb3b-0d03-49bb-b1c2-4c9998b57d56/tasks/15cb3232-4afd-4877-81b4-71e31b4ea0da","reqBody":"","reqParams":"","reqQuery":"","resStatus":200,"message":"Request-response log data"}
{"level":"info","reqUrl":"/boards/fd55eb3b-0d03-49bb-b1c2-4c9998b57d56/tasks/690b3031-a9b8-44d3-87d4-904e5cc20ded","reqBody":"","reqParams":"","reqQuery":"","resStatus":200,"message":"Request-response log data"}
{"level":"info","reqUrl":"/boards/fd55eb3b-0d03-49bb-b1c2-4c9998b57d56/tasks/00355f75-a44a-4ccc-bf9e-8f2306bb5aac","reqBody":"","reqParams":"","reqQuery":"","resStatus":200,"message":"Request-response log data"}
{"level":"info","reqUrl":"/boards/fd55eb3b-0d03-49bb-b1c2-4c9998b57d56/tasks/24db76d6-9b82-4347-850c-b4a19850df74","reqBody":"","reqParams":"","reqQuery":"","resStatus":200,"message":"Request-response log data"}
{"level":"info","reqUrl":"/boards/9710364b-e3e2-4997-bf29-76434d659fdb","reqBody":{},"reqParams":"","reqQuery":"","resStatus":200,"message":"Request-response log data"}
{"level":"info","reqUrl":"/users/a5cb5fe6-1823-4226-b363-afabb06ca85f","reqBody":{},"reqParams":"","reqQuery":"","resStatus":200,"message":"Request-response log data"}
{"level":"info","reqUrl":"/users","reqBody":{"name":"TEST_USER","login":"test_user","password":"T35t_P@55w0rd"},"reqParams":"","reqQuery":"","resStatus":200,"message":"Request-response log data"}
{"level":"info","reqUrl":"/users/f511d740-77d6-46cb-8efb-c819b4bcfe2c","reqBody":{"name":"Autotest updated TEST_USER","login":"test_user","password":"T35t_P@55w0rd","id":"f511d740-77d6-46cb-8efb-c819b4bcfe2c"},"reqParams":"","reqQuery":"","resStatus":200,"message":"Request-response log data"}
{"level":"info","reqUrl":"/users/f511d740-77d6-46cb-8efb-c819b4bcfe2c","reqBody":"","reqParams":"","reqQuery":"","resStatus":200,"message":"Request-response log data"}
{"level":"info","reqUrl":"/users/f511d740-77d6-46cb-8efb-c819b4bcfe2c","reqBody":{},"reqParams":"","reqQuery":"","resStatus":200,"message":"Request-response log data"}
{"level":"info","reqUrl":"/users","reqBody":{"name":"TEST_USER","login":"test_user","password":"T35t_P@55w0rd"},"reqParams":"","reqQuery":"","resStatus":200,"message":"Request-response log data"}
{"level":"info","reqUrl":"/users","reqBody":"","reqParams":"","reqQuery":"","resStatus":200,"message":"Request-response log data"}
{"level":"info","reqUrl":"/users/123","reqBody":"","reqParams":"","reqQuery":"","resStatus":200,"message":"Request-response log data"}
{"level":"info","reqUrl":"/users","reqBody":{"name":"TEST_USER","login":"test_user","password":"T35t_P@55w0rd"},"reqParams":"","reqQuery":"","resStatus":200,"message":"Request-response log data"}
{"level":"info","reqUrl":"/users/12345","reqBody":{"name":"TEST_USER","login":"test_user","password":"T35t_P@55w0rd"},"reqParams":"","reqQuery":"","resStatus":200,"message":"Request-response log data"}
{"level":"info","reqUrl":"/users/12345","reqBody":{},"reqParams":"","reqQuery":"","resStatus":200,"message":"Request-response log data"}
{"level":"info","reqUrl":"/users/f1d56c8b-3600-491c-8383-535c246ea3e2","reqBody":{},"reqParams":"","reqQuery":"","resStatus":200,"message":"Request-response log data"}
{"level":"info","reqUrl":"/users","reqBody":{"name":"TEST_USER","login":"test_user","password":"T35t_P@55w0rd"},"reqParams":"","reqQuery":"","resStatus":200,"message":"Request-response log data"}
{"level":"info","reqUrl":"/boards","reqBody":"","reqParams":"","reqQuery":"","resStatus":200,"message":"Request-response log data"}
{"level":"info","reqUrl":"/boards/12345","reqBody":"","reqParams":"","reqQuery":"","resStatus":200,"message":"Request-response log data"}
{"level":"info","reqUrl":"/boards","reqBody":{"title":"Autotest board","columns":[{"title":"Backlog","order":1},{"title":"Sprint","order":2}]},"reqParams":"","reqQuery":"","resStatus":200,"message":"Request-response log data"}
{"level":"info","reqUrl":"/boards/12345","reqBody":{"title":"Autotest board","columns":[{"title":"Backlog","order":1},{"title":"Sprint","order":2}]},"reqParams":"","reqQuery":"","resStatus":200,"message":"Request-response log data"}
{"level":"info","reqUrl":"/boards/12345","reqBody":{},"reqParams":"","reqQuery":"","resStatus":200,"message":"Request-response log data"}
{"level":"info","reqUrl":"/boards","reqBody":{"title":"Autotest board","columns":[{"title":"Backlog","order":1},{"title":"Sprint","order":2}]},"reqParams":"","reqQuery":"","resStatus":200,"message":"Request-response log data"}
{"level":"info","reqUrl":"/boards/fabcbd1e-998b-4ac4-8b2b-faa216376df0/tasks","reqBody":{"title":"Task #1","order":1,"description":"Lorem ipsum","userId":"6825b7fc-faf6-44f9-b926-ac567ce13f68","boardId":"fabcbd1e-998b-4ac4-8b2b-faa216376df0"},"reqParams":"","reqQuery":"","resStatus":200,"message":"Request-response log data"}
{"level":"info","reqUrl":"/boards/fabcbd1e-998b-4ac4-8b2b-faa216376df0/tasks","reqBody":{"title":"Task #2","order":2,"description":"Lorem ipsum","userId":"6825b7fc-faf6-44f9-b926-ac567ce13f68","boardId":"fabcbd1e-998b-4ac4-8b2b-faa216376df0"},"reqParams":"","reqQuery":"","resStatus":200,"message":"Request-response log data"}
{"level":"info","reqUrl":"/users/6825b7fc-faf6-44f9-b926-ac567ce13f68","reqBody":{},"reqParams":"","reqQuery":"","resStatus":200,"message":"Request-response log data"}
{"level":"info","reqUrl":"/boards/fabcbd1e-998b-4ac4-8b2b-faa216376df0/tasks/25243df1-d4c0-427e-b39f-608ea3a42c25","reqBody":"","reqParams":"","reqQuery":"","resStatus":200,"message":"Request-response log data"}
{"level":"info","reqUrl":"/boards/fabcbd1e-998b-4ac4-8b2b-faa216376df0/tasks/1b32814e-913b-42e9-adbf-bbff5fb80ae8","reqBody":"","reqParams":"","reqQuery":"","resStatus":200,"message":"Request-response log data"}
{"level":"info","reqUrl":"/boards/fabcbd1e-998b-4ac4-8b2b-faa216376df0/tasks/25243df1-d4c0-427e-b39f-608ea3a42c25","reqBody":{},"reqParams":"","reqQuery":"","resStatus":200,"message":"Request-response log data"}
{"level":"info","reqUrl":"/boards/fabcbd1e-998b-4ac4-8b2b-faa216376df0/tasks/1b32814e-913b-42e9-adbf-bbff5fb80ae8","reqBody":{},"reqParams":"","reqQuery":"","resStatus":200,"message":"Request-response log data"}
{"level":"info","reqUrl":"/boards/fabcbd1e-998b-4ac4-8b2b-faa216376df0","reqBody":{},"reqParams":"","reqQuery":"","resStatus":200,"message":"Request-response log data"}
{"level":"info","reqUrl":"/boards/12345/tasks","reqBody":"","reqParams":"","reqQuery":"","resStatus":200,"message":"Request-response log data"}
{"level":"info","reqUrl":"/boards/12345/tasks/12345","reqBody":"","reqParams":"","reqQuery":"","resStatus":200,"message":"Request-response log data"}
{"level":"info","reqUrl":"/boards/12345/tasks","reqBody":{"title":"Autotest task","order":0,"description":"Lorem ipsum","userId":null,"boardId":null,"columnId":null},"reqParams":"","reqQuery":"","resStatus":200,"message":"Request-response log data"}
{"level":"info","reqUrl":"/boards/12345/tasks/12345","reqBody":{"title":"Autotest task","order":0,"description":"Lorem ipsum","userId":null,"boardId":null,"columnId":null},"reqParams":"","reqQuery":"","resStatus":200,"message":"Request-response log data"}
{"level":"info","reqUrl":"/boards/12345/tasks/12345","reqBody":{},"reqParams":"","reqQuery":"","resStatus":200,"message":"Request-response log data"}
{"level":"info","reqUrl":"/users","reqBody":"","reqParams":"","reqQuery":"","resStatus":200,"message":"Request-response log data"}
{"level":"info","reqUrl":"/login","reqBody":{"login":"admin","password":"admin"},"reqParams":"","reqQuery":"","resStatus":200,"message":"Request-response log data"}
{"level":"info","reqUrl":"/login","reqBody":{"login":"admin","password":"admin"},"reqParams":"","reqQuery":"","resStatus":200,"message":"Request-response log data"}
{"level":"info","reqUrl":"/login","reqBody":{"login":"admin","password":"admin"},"reqParams":"","reqQuery":"","resStatus":200,"message":"Request-response log data"}
{"level":"info","reqUrl":"/boards","reqBody":{"title":"Autotest board","columns":[{"title":"Backlog","order":1},{"title":"Sprint","order":2}]},"reqParams":"","reqQuery":"","resStatus":200,"message":"Request-response log data"}
{"level":"info","reqUrl":"/users","reqBody":"","reqParams":"","reqQuery":"","resStatus":200,"message":"Request-response log data"}
{"level":"info","reqUrl":"/users","reqBody":{"name":"TEST_USER","login":"test_user","password":"T35t_P@55w0rd"},"reqParams":"","reqQuery":"","resStatus":200,"message":"Request-response log data"}
{"level":"info","reqUrl":"/boards","reqBody":"","reqParams":"","reqQuery":"","resStatus":200,"message":"Request-response log data"}
{"level":"info","reqUrl":"/users/ac1cb7b0-4764-4acd-b333-8f1fcfdd6f05","reqBody":"","reqParams":"","reqQuery":"","resStatus":200,"message":"Request-response log data"}
{"level":"info","reqUrl":"/users/ac1cb7b0-4764-4acd-b333-8f1fcfdd6f05","reqBody":{},"reqParams":"","reqQuery":"","resStatus":200,"message":"Request-response log data"}
{"level":"info","reqUrl":"/boards","reqBody":"","reqParams":"","reqQuery":"","resStatus":200,"message":"Request-response log data"}
{"level":"info","reqUrl":"/boards/3f692068-7a19-4ce8-b373-06c90fc0f1ef","reqBody":"","reqParams":"","reqQuery":"","resStatus":200,"message":"Request-response log data"}
{"level":"info","reqUrl":"/boards","reqBody":{"title":"Autotest board","columns":[{"title":"Backlog","order":1},{"title":"Sprint","order":2}]},"reqParams":"","reqQuery":"","resStatus":200,"message":"Request-response log data"}
{"level":"info","reqUrl":"/boards/e7c00e3e-c81a-43d1-858a-a549fda8d980","reqBody":{},"reqParams":"","reqQuery":"","resStatus":200,"message":"Request-response log data"}
{"level":"info","reqUrl":"/users","reqBody":{"name":"TEST_USER","login":"test_user","password":"T35t_P@55w0rd"},"reqParams":"","reqQuery":"","resStatus":200,"message":"Request-response log data"}
{"level":"info","reqUrl":"/boards","reqBody":{"title":"Autotest board","columns":[{"title":"Backlog","order":1},{"title":"Sprint","order":2}]},"reqParams":"","reqQuery":"","resStatus":200,"message":"Request-response log data"}
{"level":"info","reqUrl":"/boards/9460d155-4d3e-4b1f-ad9b-313b34528a3f","reqBody":{"title":"Autotest updated board","columns":[{"title":"Backlog","order":1},{"title":"Sprint","order":2}],"id":"9460d155-4d3e-4b1f-ad9b-313b34528a3f"},"reqParams":"","reqQuery":"","resStatus":200,"message":"Request-response log data"}
{"level":"info","reqUrl":"/boards/9460d155-4d3e-4b1f-ad9b-313b34528a3f","reqBody":"","reqParams":"","reqQuery":"","resStatus":200,"message":"Request-response log data"}
{"level":"info","reqUrl":"/boards/9460d155-4d3e-4b1f-ad9b-313b34528a3f","reqBody":{},"reqParams":"","reqQuery":"","resStatus":200,"message":"Request-response log data"}
{"level":"info","reqUrl":"/boards","reqBody":{"title":"Autotest board","columns":[{"title":"Backlog","order":1},{"title":"Sprint","order":2}]},"reqParams":"","reqQuery":"","resStatus":200,"message":"Request-response log data"}
{"level":"info","reqUrl":"/boards/2b0de1fa-9382-4d2f-bb1c-85fa9f2cb30e","reqBody":{},"reqParams":"","reqQuery":"","resStatus":200,"message":"Request-response log data"}
{"level":"info","reqUrl":"/boards/2b0de1fa-9382-4d2f-bb1c-85fa9f2cb30e","reqBody":"","reqParams":"","reqQuery":"","resStatus":200,"message":"Request-response log data"}
{"level":"info","reqUrl":"/boards","reqBody":{"title":"Autotest board","columns":[{"title":"Backlog","order":1},{"title":"Sprint","order":2}]},"reqParams":"","reqQuery":"","resStatus":200,"message":"Request-response log data"}
{"level":"info","reqUrl":"/users/de7c6f43-ae05-4f92-891c-577dca690f43","reqBody":{},"reqParams":"","reqQuery":"","resStatus":200,"message":"Request-response log data"}
{"level":"info","reqUrl":"/boards/36f4478f-15b5-4017-97e8-6a3eeb393405/tasks","reqBody":{"title":"Task #1","order":1,"description":"Lorem ipsum","boardId":"36f4478f-15b5-4017-97e8-6a3eeb393405","userId":null,"columnId":null},"reqParams":"","reqQuery":"","resStatus":200,"message":"Request-response log data"}
{"level":"info","reqUrl":"/boards/36f4478f-15b5-4017-97e8-6a3eeb393405/tasks","reqBody":{"title":"Task #2","order":2,"description":"Lorem ipsum","boardId":"36f4478f-15b5-4017-97e8-6a3eeb393405","userId":null,"columnId":null},"reqParams":"","reqQuery":"","resStatus":200,"message":"Request-response log data"}
{"level":"info","reqUrl":"/boards/36f4478f-15b5-4017-97e8-6a3eeb393405/tasks","reqBody":{"title":"Task #3","order":3,"description":"Lorem ipsum","boardId":"36f4478f-15b5-4017-97e8-6a3eeb393405","userId":null,"columnId":null},"reqParams":"","reqQuery":"","resStatus":200,"message":"Request-response log data"}
{"level":"info","reqUrl":"/boards/36f4478f-15b5-4017-97e8-6a3eeb393405/tasks","reqBody":{"title":"Task #4","order":4,"description":"Lorem ipsum","boardId":"36f4478f-15b5-4017-97e8-6a3eeb393405","userId":null,"columnId":null},"reqParams":"","reqQuery":"","resStatus":200,"message":"Request-response log data"}
{"level":"info","reqUrl":"/boards/36f4478f-15b5-4017-97e8-6a3eeb393405/tasks","reqBody":{"title":"Task #5","order":5,"description":"Lorem ipsum","boardId":"36f4478f-15b5-4017-97e8-6a3eeb393405","userId":null,"columnId":null},"reqParams":"","reqQuery":"","resStatus":200,"message":"Request-response log data"}
{"level":"info","reqUrl":"/users","reqBody":{"name":"TEST_USER","login":"test_user","password":"T35t_P@55w0rd"},"reqParams":"","reqQuery":"","resStatus":200,"message":"Request-response log data"}
{"level":"info","reqUrl":"/boards","reqBody":{"title":"Autotest board","columns":[{"title":"Backlog","order":1},{"title":"Sprint","order":2}]},"reqParams":"","reqQuery":"","resStatus":200,"message":"Request-response log data"}
{"level":"info","reqUrl":"/boards/44cb064e-039e-48a8-b8ee-ac05e1b9d528/tasks","reqBody":{"title":"Autotest task","order":0,"description":"Lorem ipsum","userId":null,"boardId":null,"columnId":null},"reqParams":"","reqQuery":"","resStatus":200,"message":"Request-response log data"}
{"level":"info","reqUrl":"/boards/44cb064e-039e-48a8-b8ee-ac05e1b9d528/tasks","reqBody":"","reqParams":"","reqQuery":"","resStatus":200,"message":"Request-response log data"}
{"level":"info","reqUrl":"/boards/44cb064e-039e-48a8-b8ee-ac05e1b9d528/tasks","reqBody":"","reqParams":"","reqQuery":"","resStatus":200,"message":"Request-response log data"}
{"level":"info","reqUrl":"/boards/44cb064e-039e-48a8-b8ee-ac05e1b9d528/tasks/9f1e3f9e-5799-4d95-b59e-2b55c9e73637","reqBody":"","reqParams":"","reqQuery":"","resStatus":200,"message":"Request-response log data"}
{"level":"info","reqUrl":"/boards/44cb064e-039e-48a8-b8ee-ac05e1b9d528/tasks","reqBody":{"title":"Autotest task","order":0,"description":"Lorem ipsum","userId":null,"boardId":null,"columnId":null},"reqParams":"","reqQuery":"","resStatus":200,"message":"Request-response log data"}
{"level":"info","reqUrl":"/users/3d9e77f1-395e-45db-9dca-d7e932fc1d53","reqBody":{"name":"Autotest updated TEST_USER","login":"test_user","password":"T35t_P@55w0rd","id":"3d9e77f1-395e-45db-9dca-d7e932fc1d53"},"reqParams":"","reqQuery":"","resStatus":200,"message":"Request-response log data"}
{"level":"info","reqUrl":"/boards/44cb064e-039e-48a8-b8ee-ac05e1b9d528/tasks/5043f359-976d-4ca8-acce-c7f1278e929e","reqBody":{},"reqParams":"","reqQuery":"","resStatus":200,"message":"Request-response log data"}
{"level":"info","reqUrl":"/boards/44cb064e-039e-48a8-b8ee-ac05e1b9d528/tasks","reqBody":{"title":"Autotest task","order":0,"description":"Lorem ipsum","userId":null,"boardId":null,"columnId":null},"reqParams":"","reqQuery":"","resStatus":200,"message":"Request-response log data"}
{"level":"info","reqUrl":"/users/3d9e77f1-395e-45db-9dca-d7e932fc1d53","reqBody":"","reqParams":"","reqQuery":"","resStatus":200,"message":"Request-response log data"}
{"level":"info","reqUrl":"/boards/44cb064e-039e-48a8-b8ee-ac05e1b9d528/tasks/88a0c5ea-92a3-4b0f-99e0-26b3b3bd736c","reqBody":{"title":"Autotest updated task","order":0,"description":"Lorem ipsum","userId":null,"boardId":"44cb064e-039e-48a8-b8ee-ac05e1b9d528","columnId":null,"id":"88a0c5ea-92a3-4b0f-99e0-26b3b3bd736c"},"reqParams":"","reqQuery":"","resStatus":200,"message":"Request-response log data"}
{"level":"info","reqUrl":"/users/3d9e77f1-395e-45db-9dca-d7e932fc1d53","reqBody":{},"reqParams":"","reqQuery":"","resStatus":200,"message":"Request-response log data"}
{"level":"info","reqUrl":"/boards/44cb064e-039e-48a8-b8ee-ac05e1b9d528/tasks/88a0c5ea-92a3-4b0f-99e0-26b3b3bd736c","reqBody":"","reqParams":"","reqQuery":"","resStatus":200,"message":"Request-response log data"}
{"level":"info","reqUrl":"/users","reqBody":{"name":"TEST_USER","login":"test_user","password":"T35t_P@55w0rd"},"reqParams":"","reqQuery":"","resStatus":200,"message":"Request-response log data"}
{"level":"info","reqUrl":"/boards/44cb064e-039e-48a8-b8ee-ac05e1b9d528/tasks/9f1e3f9e-5799-4d95-b59e-2b55c9e73637","reqBody":"","reqParams":"","reqQuery":"","resStatus":200,"message":"Request-response log data"}
{"level":"info","reqUrl":"/boards/44cb064e-039e-48a8-b8ee-ac05e1b9d528/tasks/9f1e3f9e-5799-4d95-b59e-2b55c9e73637","reqBody":{},"reqParams":"","reqQuery":"","resStatus":200,"message":"Request-response log data"}
{"level":"info","reqUrl":"/boards/44cb064e-039e-48a8-b8ee-ac05e1b9d528/tasks/9f1e3f9e-5799-4d95-b59e-2b55c9e73637","reqBody":"","reqParams":"","reqQuery":"","resStatus":200,"message":"Request-response log data"}
{"level":"info","reqUrl":"/boards/36f4478f-15b5-4017-97e8-6a3eeb393405/tasks/796ba6e9-1acb-4b12-be8c-8aa1095ab199","reqBody":"","reqParams":"","reqQuery":"","resStatus":200,"message":"Request-response log data"}
{"level":"info","reqUrl":"/boards/36f4478f-15b5-4017-97e8-6a3eeb393405/tasks/8b815c0e-acc0-45ec-9669-74cfe52976c7","reqBody":"","reqParams":"","reqQuery":"","resStatus":200,"message":"Request-response log data"}
{"level":"info","reqUrl":"/boards/36f4478f-15b5-4017-97e8-6a3eeb393405/tasks/09937966-b1ed-4187-88bf-7d6ff3930b46","reqBody":"","reqParams":"","reqQuery":"","resStatus":200,"message":"Request-response log data"}
{"level":"info","reqUrl":"/boards/36f4478f-15b5-4017-97e8-6a3eeb393405/tasks/37d4845a-bc08-4c6c-b3b6-41c9e3898fbc","reqBody":"","reqParams":"","reqQuery":"","resStatus":200,"message":"Request-response log data"}
{"level":"info","reqUrl":"/boards/36f4478f-15b5-4017-97e8-6a3eeb393405/tasks/08306a92-355d-41b6-bb38-80e98bfb05f5","reqBody":"","reqParams":"","reqQuery":"","resStatus":200,"message":"Request-response log data"}
{"level":"info","reqUrl":"/boards/44cb064e-039e-48a8-b8ee-ac05e1b9d528","reqBody":{},"reqParams":"","reqQuery":"","resStatus":200,"message":"Request-response log data"}
{"level":"info","reqUrl":"/boards/36f4478f-15b5-4017-97e8-6a3eeb393405","reqBody":{},"reqParams":"","reqQuery":"","resStatus":200,"message":"Request-response log data"}
{"level":"info","reqUrl":"/users/040c55a8-cb66-422c-8a0c-3380c7b5f9c1","reqBody":{},"reqParams":"","reqQuery":"","resStatus":200,"message":"Request-response log data"}
{"level":"info","reqUrl":"/boards/36f4478f-15b5-4017-97e8-6a3eeb393405/tasks/796ba6e9-1acb-4b12-be8c-8aa1095ab199","reqBody":"","reqParams":"","reqQuery":"","resStatus":200,"message":"Request-response log data"}
{"level":"info","reqUrl":"/boards/36f4478f-15b5-4017-97e8-6a3eeb393405/tasks/8b815c0e-acc0-45ec-9669-74cfe52976c7","reqBody":"","reqParams":"","reqQuery":"","resStatus":200,"message":"Request-response log data"}
{"level":"info","reqUrl":"/boards/36f4478f-15b5-4017-97e8-6a3eeb393405/tasks/09937966-b1ed-4187-88bf-7d6ff3930b46","reqBody":"","reqParams":"","reqQuery":"","resStatus":200,"message":"Request-response log data"}
{"level":"info","reqUrl":"/boards/36f4478f-15b5-4017-97e8-6a3eeb393405/tasks/37d4845a-bc08-4c6c-b3b6-41c9e3898fbc","reqBody":"","reqParams":"","reqQuery":"","resStatus":200,"message":"Request-response log data"}
{"level":"info","reqUrl":"/boards/36f4478f-15b5-4017-97e8-6a3eeb393405/tasks/08306a92-355d-41b6-bb38-80e98bfb05f5","reqBody":"","reqParams":"","reqQuery":"","resStatus":200,"message":"Request-response log data"}
{"level":"info","reqUrl":"/users","reqBody":{"name":"TEST_USER","login":"test_user","password":"T35t_P@55w0rd"},"reqParams":"","reqQuery":"","resStatus":200,"message":"Request-response log data"}
{"level":"info","reqUrl":"/boards/3f692068-7a19-4ce8-b373-06c90fc0f1ef","reqBody":{},"reqParams":"","reqQuery":"","resStatus":200,"message":"Request-response log data"}
{"level":"info","reqUrl":"/boards","reqBody":{"title":"Autotest board","columns":[{"title":"Backlog","order":1},{"title":"Sprint","order":2}]},"reqParams":"","reqQuery":"","resStatus":200,"message":"Request-response log data"}
{"level":"info","reqUrl":"/boards/b058b264-a4d5-43e8-be3d-dafbd29cec08/tasks","reqBody":{"title":"Task #1","order":1,"description":"Lorem ipsum","userId":"563f2bb6-61dc-43c2-86e8-ae2e4454186f","boardId":"b058b264-a4d5-43e8-be3d-dafbd29cec08"},"reqParams":"","reqQuery":"","resStatus":200,"message":"Request-response log data"}
{"level":"info","reqUrl":"/boards/b058b264-a4d5-43e8-be3d-dafbd29cec08/tasks","reqBody":{"title":"Task #2","order":2,"description":"Lorem ipsum","userId":"563f2bb6-61dc-43c2-86e8-ae2e4454186f","boardId":"b058b264-a4d5-43e8-be3d-dafbd29cec08"},"reqParams":"","reqQuery":"","resStatus":200,"message":"Request-response log data"}
{"level":"info","reqUrl":"/users/563f2bb6-61dc-43c2-86e8-ae2e4454186f","reqBody":{},"reqParams":"","reqQuery":"","resStatus":200,"message":"Request-response log data"}
{"level":"info","reqUrl":"/boards/b058b264-a4d5-43e8-be3d-dafbd29cec08/tasks/0e4e5a30-d40a-4773-a155-236b917efd95","reqBody":"","reqParams":"","reqQuery":"","resStatus":200,"message":"Request-response log data"}
{"level":"info","reqUrl":"/boards/b058b264-a4d5-43e8-be3d-dafbd29cec08/tasks/cfe69825-8ac3-4c15-9180-bc636c94c270","reqBody":"","reqParams":"","reqQuery":"","resStatus":200,"message":"Request-response log data"}
{"level":"info","reqUrl":"/boards/b058b264-a4d5-43e8-be3d-dafbd29cec08/tasks/0e4e5a30-d40a-4773-a155-236b917efd95","reqBody":{},"reqParams":"","reqQuery":"","resStatus":200,"message":"Request-response log data"}
{"level":"info","reqUrl":"/boards/b058b264-a4d5-43e8-be3d-dafbd29cec08/tasks/cfe69825-8ac3-4c15-9180-bc636c94c270","reqBody":{},"reqParams":"","reqQuery":"","resStatus":200,"message":"Request-response log data"}
{"level":"info","reqUrl":"/boards/b058b264-a4d5-43e8-be3d-dafbd29cec08","reqBody":{},"reqParams":"","reqQuery":"","resStatus":200,"message":"Request-response log data"}
{"level":"info","reqUrl":"/boards","reqBody":"","reqParams":"","reqQuery":"","resStatus":200,"message":"Request-response log data"}
{"level":"info","reqUrl":"/boards/12345","reqBody":"","reqParams":"","reqQuery":"","resStatus":200,"message":"Request-response log data"}
{"level":"info","reqUrl":"/boards/12345/tasks","reqBody":"","reqParams":"","reqQuery":"","resStatus":200,"message":"Request-response log data"}
{"level":"info","reqUrl":"/boards","reqBody":{"title":"Autotest board","columns":[{"title":"Backlog","order":1},{"title":"Sprint","order":2}]},"reqParams":"","reqQuery":"","resStatus":200,"message":"Request-response log data"}
{"level":"info","reqUrl":"/boards/12345/tasks/12345","reqBody":"","reqParams":"","reqQuery":"","resStatus":200,"message":"Request-response log data"}
{"level":"info","reqUrl":"/boards/12345","reqBody":{"title":"Autotest board","columns":[{"title":"Backlog","order":1},{"title":"Sprint","order":2}]},"reqParams":"","reqQuery":"","resStatus":200,"message":"Request-response log data"}
{"level":"info","reqUrl":"/boards/12345/tasks","reqBody":{"title":"Autotest task","order":0,"description":"Lorem ipsum","userId":null,"boardId":null,"columnId":null},"reqParams":"","reqQuery":"","resStatus":200,"message":"Request-response log data"}
{"level":"info","reqUrl":"/boards/12345","reqBody":{},"reqParams":"","reqQuery":"","resStatus":200,"message":"Request-response log data"}
{"level":"info","reqUrl":"/users","reqBody":"","reqParams":"","reqQuery":"","resStatus":200,"message":"Request-response log data"}
{"level":"info","reqUrl":"/boards/12345/tasks/12345","reqBody":{"title":"Autotest task","order":0,"description":"Lorem ipsum","userId":null,"boardId":null,"columnId":null},"reqParams":"","reqQuery":"","resStatus":200,"message":"Request-response log data"}
{"level":"info","reqUrl":"/users/123","reqBody":"","reqParams":"","reqQuery":"","resStatus":200,"message":"Request-response log data"}
{"level":"info","reqUrl":"/boards/12345/tasks/12345","reqBody":{},"reqParams":"","reqQuery":"","resStatus":200,"message":"Request-response log data"}
{"level":"info","reqUrl":"/users","reqBody":{"name":"TEST_USER","login":"test_user","password":"T35t_P@55w0rd"},"reqParams":"","reqQuery":"","resStatus":200,"message":"Request-response log data"}
{"level":"info","reqUrl":"/users/12345","reqBody":{"name":"TEST_USER","login":"test_user","password":"T35t_P@55w0rd"},"reqParams":"","reqQuery":"","resStatus":200,"message":"Request-response log data"}
{"level":"info","reqUrl":"/users/12345","reqBody":{},"reqParams":"","reqQuery":"","resStatus":200,"message":"Request-response log data"}
{"level":"info","reqUrl":"/login","reqBody":{"login":"admin","password":"admin"},"reqParams":"","reqQuery":"","resStatus":200,"message":"Request-response log data"}
{"level":"info","reqUrl":"/login","reqBody":{"login":"admin","password":"admin"},"reqParams":"","reqQuery":"","resStatus":200,"message":"Request-response log data"}
{"level":"info","reqUrl":"/login","reqBody":{"login":"admin","password":"admin"},"reqParams":"","reqQuery":"","resStatus":200,"message":"Request-response log data"}
{"level":"info","reqUrl":"/boards","reqBody":{"title":"Autotest board","columns":[{"title":"Backlog","order":1},{"title":"Sprint","order":2}]},"reqParams":"","reqQuery":"","resStatus":200,"message":"Request-response log data"}
{"level":"info","reqUrl":"/boards","reqBody":{"title":"Autotest board","columns":[{"title":"Backlog","order":1},{"title":"Sprint","order":2}]},"reqParams":"","reqQuery":"","resStatus":200,"message":"Request-response log data"}
{"level":"info","reqUrl":"/boards","reqBody":"","reqParams":"","reqQuery":"","resStatus":200,"message":"Request-response log data"}
{"level":"info","reqUrl":"/boards/cc66e6e5-07ec-4a66-a316-9b59c1e3e8bf/tasks","reqBody":{"title":"Autotest task","order":0,"description":"Lorem ipsum","userId":null,"boardId":null,"columnId":null},"reqParams":"","reqQuery":"","resStatus":200,"message":"Request-response log data"}
{"level":"info","reqUrl":"/boards/cc66e6e5-07ec-4a66-a316-9b59c1e3e8bf/tasks","reqBody":"","reqParams":"","reqQuery":"","resStatus":200,"message":"Request-response log data"}
{"level":"info","reqUrl":"/boards/cc66e6e5-07ec-4a66-a316-9b59c1e3e8bf/tasks","reqBody":"","reqParams":"","reqQuery":"","resStatus":200,"message":"Request-response log data"}
{"level":"info","reqUrl":"/boards/cc66e6e5-07ec-4a66-a316-9b59c1e3e8bf/tasks/7156d3fb-03ae-4d6a-b1f1-1880ce66b66f","reqBody":"","reqParams":"","reqQuery":"","resStatus":200,"message":"Request-response log data"}
{"level":"info","reqUrl":"/boards","reqBody":"","reqParams":"","reqQuery":"","resStatus":200,"message":"Request-response log data"}
{"level":"info","reqUrl":"/boards/cc66e6e5-07ec-4a66-a316-9b59c1e3e8bf/tasks","reqBody":{"title":"Autotest task","order":0,"description":"Lorem ipsum","userId":null,"boardId":null,"columnId":null},"reqParams":"","reqQuery":"","resStatus":200,"message":"Request-response log data"}
{"level":"info","reqUrl":"/boards/35bd126e-28a7-4c8b-88b2-a2c01366b55f","reqBody":"","reqParams":"","reqQuery":"","resStatus":200,"message":"Request-response log data"}
{"level":"info","reqUrl":"/boards/cc66e6e5-07ec-4a66-a316-9b59c1e3e8bf/tasks/153cc2eb-2de4-40db-ad01-fed83f02c006","reqBody":{},"reqParams":"","reqQuery":"","resStatus":200,"message":"Request-response log data"}
{"level":"info","reqUrl":"/boards","reqBody":{"title":"Autotest board","columns":[{"title":"Backlog","order":1},{"title":"Sprint","order":2}]},"reqParams":"","reqQuery":"","resStatus":200,"message":"Request-response log data"}
{"level":"info","reqUrl":"/boards/a78928ca-ff39-4036-8d8e-c110c1dfafc6","reqBody":{},"reqParams":"","reqQuery":"","resStatus":200,"message":"Request-response log data"}
{"level":"info","reqUrl":"/boards/cc66e6e5-07ec-4a66-a316-9b59c1e3e8bf/tasks","reqBody":{"title":"Autotest task","order":0,"description":"Lorem ipsum","userId":null,"boardId":null,"columnId":null},"reqParams":"","reqQuery":"","resStatus":200,"message":"Request-response log data"}
{"level":"info","reqUrl":"/boards","reqBody":{"title":"Autotest board","columns":[{"title":"Backlog","order":1},{"title":"Sprint","order":2}]},"reqParams":"","reqQuery":"","resStatus":200,"message":"Request-response log data"}
{"level":"info","reqUrl":"/users","reqBody":"","reqParams":"","reqQuery":"","resStatus":200,"message":"Request-response log data"}
{"level":"info","reqUrl":"/boards/cc66e6e5-07ec-4a66-a316-9b59c1e3e8bf/tasks/75e0b02b-0177-4fac-af93-ecce5762c9b9","reqBody":{"title":"Autotest updated task","order":0,"description":"Lorem ipsum","userId":null,"boardId":"cc66e6e5-07ec-4a66-a316-9b59c1e3e8bf","columnId":null,"id":"75e0b02b-0177-4fac-af93-ecce5762c9b9"},"reqParams":"","reqQuery":"","resStatus":200,"message":"Request-response log data"}
{"level":"info","reqUrl":"/boards/7c03fbf5-dd6d-4629-8102-7416406a8fad","reqBody":{"title":"Autotest updated board","columns":[{"title":"Backlog","order":1},{"title":"Sprint","order":2}],"id":"7c03fbf5-dd6d-4629-8102-7416406a8fad"},"reqParams":"","reqQuery":"","resStatus":200,"message":"Request-response log data"}
{"level":"info","reqUrl":"/users","reqBody":{"name":"TEST_USER","login":"test_user","password":"T35t_P@55w0rd"},"reqParams":"","reqQuery":"","resStatus":200,"message":"Request-response log data"}
{"level":"info","reqUrl":"/boards/cc66e6e5-07ec-4a66-a316-9b59c1e3e8bf/tasks/75e0b02b-0177-4fac-af93-ecce5762c9b9","reqBody":"","reqParams":"","reqQuery":"","resStatus":200,"message":"Request-response log data"}
{"level":"info","reqUrl":"/boards/7c03fbf5-dd6d-4629-8102-7416406a8fad","reqBody":"","reqParams":"","reqQuery":"","resStatus":200,"message":"Request-response log data"}
{"level":"info","reqUrl":"/boards/cc66e6e5-07ec-4a66-a316-9b59c1e3e8bf/tasks/7156d3fb-03ae-4d6a-b1f1-1880ce66b66f","reqBody":"","reqParams":"","reqQuery":"","resStatus":200,"message":"Request-response log data"}
{"level":"info","reqUrl":"/boards/7c03fbf5-dd6d-4629-8102-7416406a8fad","reqBody":{},"reqParams":"","reqQuery":"","resStatus":200,"message":"Request-response log data"}
{"level":"info","reqUrl":"/boards/cc66e6e5-07ec-4a66-a316-9b59c1e3e8bf/tasks/7156d3fb-03ae-4d6a-b1f1-1880ce66b66f","reqBody":{},"reqParams":"","reqQuery":"","resStatus":200,"message":"Request-response log data"}
{"level":"info","reqUrl":"/boards","reqBody":{"title":"Autotest board","columns":[{"title":"Backlog","order":1},{"title":"Sprint","order":2}]},"reqParams":"","reqQuery":"","resStatus":200,"message":"Request-response log data"}
{"level":"info","reqUrl":"/boards/cc66e6e5-07ec-4a66-a316-9b59c1e3e8bf/tasks/7156d3fb-03ae-4d6a-b1f1-1880ce66b66f","reqBody":"","reqParams":"","reqQuery":"","resStatus":200,"message":"Request-response log data"}
{"level":"info","reqUrl":"/boards/cc66e6e5-07ec-4a66-a316-9b59c1e3e8bf","reqBody":{},"reqParams":"","reqQuery":"","resStatus":200,"message":"Request-response log data"}
{"level":"info","reqUrl":"/boards/32b99ce1-6091-49a4-a740-43d5af69fd00","reqBody":{},"reqParams":"","reqQuery":"","resStatus":200,"message":"Request-response log data"}
{"level":"info","reqUrl":"/boards/32b99ce1-6091-49a4-a740-43d5af69fd00","reqBody":"","reqParams":"","reqQuery":"","resStatus":200,"message":"Request-response log data"}
{"level":"info","reqUrl":"/boards","reqBody":{"title":"Autotest board","columns":[{"title":"Backlog","order":1},{"title":"Sprint","order":2}]},"reqParams":"","reqQuery":"","resStatus":200,"message":"Request-response log data"}
{"level":"info","reqUrl":"/boards/865555e4-bedc-4bd4-af67-6e9d2a348f51/tasks","reqBody":{"title":"Task #1","order":1,"description":"Lorem ipsum","boardId":"865555e4-bedc-4bd4-af67-6e9d2a348f51","userId":null,"columnId":null},"reqParams":"","reqQuery":"","resStatus":200,"message":"Request-response log data"}
{"level":"info","reqUrl":"/boards/865555e4-bedc-4bd4-af67-6e9d2a348f51/tasks","reqBody":{"title":"Task #2","order":2,"description":"Lorem ipsum","boardId":"865555e4-bedc-4bd4-af67-6e9d2a348f51","userId":null,"columnId":null},"reqParams":"","reqQuery":"","resStatus":200,"message":"Request-response log data"}
{"level":"info","reqUrl":"/boards/865555e4-bedc-4bd4-af67-6e9d2a348f51/tasks","reqBody":{"title":"Task #3","order":3,"description":"Lorem ipsum","boardId":"865555e4-bedc-4bd4-af67-6e9d2a348f51","userId":null,"columnId":null},"reqParams":"","reqQuery":"","resStatus":200,"message":"Request-response log data"}
{"level":"info","reqUrl":"/boards/865555e4-bedc-4bd4-af67-6e9d2a348f51/tasks","reqBody":{"title":"Task #4","order":4,"description":"Lorem ipsum","boardId":"865555e4-bedc-4bd4-af67-6e9d2a348f51","userId":null,"columnId":null},"reqParams":"","reqQuery":"","resStatus":200,"message":"Request-response log data"}
{"level":"info","reqUrl":"/boards/865555e4-bedc-4bd4-af67-6e9d2a348f51/tasks","reqBody":{"title":"Task #5","order":5,"description":"Lorem ipsum","boardId":"865555e4-bedc-4bd4-af67-6e9d2a348f51","userId":null,"columnId":null},"reqParams":"","reqQuery":"","resStatus":200,"message":"Request-response log data"}
{"level":"info","reqUrl":"/users/f2ab76ea-31a9-4b80-a84a-fd7868301ff9","reqBody":"","reqParams":"","reqQuery":"","resStatus":200,"message":"Request-response log data"}
{"level":"info","reqUrl":"/users/f2ab76ea-31a9-4b80-a84a-fd7868301ff9","reqBody":{},"reqParams":"","reqQuery":"","resStatus":200,"message":"Request-response log data"}
{"level":"info","reqUrl":"/users","reqBody":{"name":"TEST_USER","login":"test_user","password":"T35t_P@55w0rd"},"reqParams":"","reqQuery":"","resStatus":200,"message":"Request-response log data"}
{"level":"info","reqUrl":"/boards/865555e4-bedc-4bd4-af67-6e9d2a348f51/tasks/9d8b1db8-f8b8-4cdf-89df-f4e0cd6c2f21","reqBody":"","reqParams":"","reqQuery":"","resStatus":200,"message":"Request-response log data"}
{"level":"info","reqUrl":"/boards/865555e4-bedc-4bd4-af67-6e9d2a348f51/tasks/28658c68-0d87-4231-b6c4-8d9e6c973d28","reqBody":"","reqParams":"","reqQuery":"","resStatus":200,"message":"Request-response log data"}
{"level":"info","reqUrl":"/boards/865555e4-bedc-4bd4-af67-6e9d2a348f51/tasks/120db9b0-f423-4fef-b559-4d14d4edb5c8","reqBody":"","reqParams":"","reqQuery":"","resStatus":200,"message":"Request-response log data"}
{"level":"info","reqUrl":"/boards/865555e4-bedc-4bd4-af67-6e9d2a348f51/tasks/11490b27-6e91-4518-9b46-397cefc506d1","reqBody":"","reqParams":"","reqQuery":"","resStatus":200,"message":"Request-response log data"}
{"level":"info","reqUrl":"/boards/865555e4-bedc-4bd4-af67-6e9d2a348f51/tasks/f908d776-9d0c-4db0-a2d8-df208bebf956","reqBody":"","reqParams":"","reqQuery":"","resStatus":200,"message":"Request-response log data"}
{"level":"info","reqUrl":"/boards/865555e4-bedc-4bd4-af67-6e9d2a348f51","reqBody":{},"reqParams":"","reqQuery":"","resStatus":200,"message":"Request-response log data"}
{"level":"info","reqUrl":"/users/1c6225c0-a191-4430-954d-dd3351096534","reqBody":{},"reqParams":"","reqQuery":"","resStatus":200,"message":"Request-response log data"}
{"level":"info","reqUrl":"/boards/865555e4-bedc-4bd4-af67-6e9d2a348f51/tasks/9d8b1db8-f8b8-4cdf-89df-f4e0cd6c2f21","reqBody":"","reqParams":"","reqQuery":"","resStatus":200,"message":"Request-response log data"}
{"level":"info","reqUrl":"/boards/865555e4-bedc-4bd4-af67-6e9d2a348f51/tasks/28658c68-0d87-4231-b6c4-8d9e6c973d28","reqBody":"","reqParams":"","reqQuery":"","resStatus":200,"message":"Request-response log data"}
{"level":"info","reqUrl":"/boards/865555e4-bedc-4bd4-af67-6e9d2a348f51/tasks/120db9b0-f423-4fef-b559-4d14d4edb5c8","reqBody":"","reqParams":"","reqQuery":"","resStatus":200,"message":"Request-response log data"}
{"level":"info","reqUrl":"/boards/865555e4-bedc-4bd4-af67-6e9d2a348f51/tasks/11490b27-6e91-4518-9b46-397cefc506d1","reqBody":"","reqParams":"","reqQuery":"","resStatus":200,"message":"Request-response log data"}
{"level":"info","reqUrl":"/boards/865555e4-bedc-4bd4-af67-6e9d2a348f51/tasks/f908d776-9d0c-4db0-a2d8-df208bebf956","reqBody":"","reqParams":"","reqQuery":"","resStatus":200,"message":"Request-response log data"}
{"level":"info","reqUrl":"/users","reqBody":{"name":"TEST_USER","login":"test_user","password":"T35t_P@55w0rd"},"reqParams":"","reqQuery":"","resStatus":200,"message":"Request-response log data"}
{"level":"info","reqUrl":"/boards/35bd126e-28a7-4c8b-88b2-a2c01366b55f","reqBody":{},"reqParams":"","reqQuery":"","resStatus":200,"message":"Request-response log data"}
{"level":"info","reqUrl":"/users/5795214d-619e-4385-a61d-eda65f386e7c","reqBody":{"name":"Autotest updated TEST_USER","login":"test_user","password":"T35t_P@55w0rd","id":"5795214d-619e-4385-a61d-eda65f386e7c"},"reqParams":"","reqQuery":"","resStatus":200,"message":"Request-response log data"}
{"level":"info","reqUrl":"/users/5795214d-619e-4385-a61d-eda65f386e7c","reqBody":"","reqParams":"","reqQuery":"","resStatus":200,"message":"Request-response log data"}
{"level":"info","reqUrl":"/users/5795214d-619e-4385-a61d-eda65f386e7c","reqBody":{},"reqParams":"","reqQuery":"","resStatus":200,"message":"Request-response log data"}
{"level":"info","reqUrl":"/users","reqBody":{"name":"TEST_USER","login":"test_user","password":"T35t_P@55w0rd"},"reqParams":"","reqQuery":"","resStatus":200,"message":"Request-response log data"}
{"level":"info","reqUrl":"/users/57e73234-eabf-4601-bf5f-f20f0c28b994","reqBody":{},"reqParams":"","reqQuery":"","resStatus":200,"message":"Request-response log data"}
{"level":"info","reqUrl":"/users","reqBody":{"name":"TEST_USER","login":"test_user","password":"T35t_P@55w0rd"},"reqParams":"","reqQuery":"","resStatus":200,"message":"Request-response log data"}
{"level":"info","reqUrl":"/users","reqBody":"","reqParams":"","reqQuery":"","resStatus":200,"message":"Request-response log data"}
{"level":"info","reqUrl":"/users/123","reqBody":"","reqParams":"","reqQuery":"","resStatus":200,"message":"Request-response log data"}
{"level":"info","reqUrl":"/users","reqBody":{"name":"TEST_USER","login":"test_user","password":"T35t_P@55w0rd"},"reqParams":"","reqQuery":"","resStatus":200,"message":"Request-response log data"}
{"level":"info","reqUrl":"/users/12345","reqBody":{"name":"TEST_USER","login":"test_user","password":"T35t_P@55w0rd"},"reqParams":"","reqQuery":"","resStatus":200,"message":"Request-response log data"}
{"level":"info","reqUrl":"/users/12345","reqBody":{},"reqParams":"","reqQuery":"","resStatus":200,"message":"Request-response log data"}
{"level":"info","reqUrl":"/boards/12345/tasks","reqBody":"","reqParams":"","reqQuery":"","resStatus":200,"message":"Request-response log data"}
{"level":"info","reqUrl":"/boards/12345/tasks/12345","reqBody":"","reqParams":"","reqQuery":"","resStatus":200,"message":"Request-response log data"}
{"level":"info","reqUrl":"/boards/12345/tasks","reqBody":{"title":"Autotest task","order":0,"description":"Lorem ipsum","userId":null,"boardId":null,"columnId":null},"reqParams":"","reqQuery":"","resStatus":200,"message":"Request-response log data"}
{"level":"info","reqUrl":"/boards/12345/tasks/12345","reqBody":{"title":"Autotest task","order":0,"description":"Lorem ipsum","userId":null,"boardId":null,"columnId":null},"reqParams":"","reqQuery":"","resStatus":200,"message":"Request-response log data"}
{"level":"info","reqUrl":"/boards/12345/tasks/12345","reqBody":{},"reqParams":"","reqQuery":"","resStatus":200,"message":"Request-response log data"}
{"level":"info","reqUrl":"/boards","reqBody":{"title":"Autotest board","columns":[{"title":"Backlog","order":1},{"title":"Sprint","order":2}]},"reqParams":"","reqQuery":"","resStatus":200,"message":"Request-response log data"}
{"level":"info","reqUrl":"/boards/a102dbbe-24da-4d55-90f6-719104cff607/tasks","reqBody":{"title":"Task #1","order":1,"description":"Lorem ipsum","userId":"7b52a3bb-8677-49c5-af77-b71b9beb7571","boardId":"a102dbbe-24da-4d55-90f6-719104cff607"},"reqParams":"","reqQuery":"","resStatus":200,"message":"Request-response log data"}
{"level":"info","reqUrl":"/boards/a102dbbe-24da-4d55-90f6-719104cff607/tasks","reqBody":{"title":"Task #2","order":2,"description":"Lorem ipsum","userId":"7b52a3bb-8677-49c5-af77-b71b9beb7571","boardId":"a102dbbe-24da-4d55-90f6-719104cff607"},"reqParams":"","reqQuery":"","resStatus":200,"message":"Request-response log data"}
{"level":"info","reqUrl":"/users/7b52a3bb-8677-49c5-af77-b71b9beb7571","reqBody":{},"reqParams":"","reqQuery":"","resStatus":200,"message":"Request-response log data"}
{"level":"info","reqUrl":"/boards/a102dbbe-24da-4d55-90f6-719104cff607/tasks/3ebfbe6b-0317-488d-8d56-cafcd2ac3d6e","reqBody":"","reqParams":"","reqQuery":"","resStatus":200,"message":"Request-response log data"}
{"level":"info","reqUrl":"/boards/a102dbbe-24da-4d55-90f6-719104cff607/tasks/1e2755ca-4981-465e-9d85-793ee1ec236c","reqBody":"","reqParams":"","reqQuery":"","resStatus":200,"message":"Request-response log data"}
{"level":"info","reqUrl":"/boards/a102dbbe-24da-4d55-90f6-719104cff607/tasks/3ebfbe6b-0317-488d-8d56-cafcd2ac3d6e","reqBody":{},"reqParams":"","reqQuery":"","resStatus":200,"message":"Request-response log data"}
{"level":"info","reqUrl":"/boards/a102dbbe-24da-4d55-90f6-719104cff607/tasks/1e2755ca-4981-465e-9d85-793ee1ec236c","reqBody":{},"reqParams":"","reqQuery":"","resStatus":200,"message":"Request-response log data"}
{"level":"info","reqUrl":"/boards/a102dbbe-24da-4d55-90f6-719104cff607","reqBody":{},"reqParams":"","reqQuery":"","resStatus":200,"message":"Request-response log data"}
{"level":"info","reqUrl":"/boards","reqBody":"","reqParams":"","reqQuery":"","resStatus":200,"message":"Request-response log data"}
{"level":"info","reqUrl":"/boards/12345","reqBody":"","reqParams":"","reqQuery":"","resStatus":200,"message":"Request-response log data"}
{"level":"info","reqUrl":"/boards","reqBody":{"title":"Autotest board","columns":[{"title":"Backlog","order":1},{"title":"Sprint","order":2}]},"reqParams":"","reqQuery":"","resStatus":200,"message":"Request-response log data"}
{"level":"info","reqUrl":"/boards/12345","reqBody":{"title":"Autotest board","columns":[{"title":"Backlog","order":1},{"title":"Sprint","order":2}]},"reqParams":"","reqQuery":"","resStatus":200,"message":"Request-response log data"}
{"level":"info","reqUrl":"/boards/12345","reqBody":{},"reqParams":"","reqQuery":"","resStatus":200,"message":"Request-response log data"}
